-- Build package with cmake
-- Tests will not be built
-- Project will be installed to /home/jajayu/ros2robotics2024_ws/install/ugv_sdk with 'make install'
--  - To install LIB components to /home/jajayu/ros2robotics2024_ws/install/ugv_sdk/lib
--  - To install BIN components to /home/jajayu/ros2robotics2024_ws/install/ugv_sdk/bin
--  - To install INCLUDE components to /home/jajayu/ros2robotics2024_ws/install/ugv_sdk/include
--  - To install CMAKE components to /home/jajayu/ros2robotics2024_ws/install/ugv_sdk/share/cmake/ugv_sdk
-- Configuring done (0.0s)
-- Generating done (0.0s)
-- Build files have been written to: /home/jajayu/ros2robotics2024_ws/build/ugv_sdk
[  3%] [32mBuilding CXX object CMakeFiles/ugv_sdk.dir/src/async_port/async_serial.cpp.o[0m
[  7%] [32mBuilding CXX object CMakeFiles/ugv_sdk.dir/src/async_port/async_can.cpp.o[0m
[ 10%] [32mBuilding CXX object CMakeFiles/ugv_sdk.dir/src/utilities/protocol_detector.cpp.o[0m
[ 14%] [32mBuilding CXX object CMakeFiles/ugv_sdk.dir/src/mobile_robot/scout_robot.cpp.o[0m
[ 17%] [32mBuilding CXX object CMakeFiles/ugv_sdk.dir/src/mobile_robot/hunter_robot.cpp.o[0m
[ 21%] [32mBuilding CXX object CMakeFiles/ugv_sdk.dir/src/mobile_robot/bunker_robot.cpp.o[0m
[ 25%] [32mBuilding CXX object CMakeFiles/ugv_sdk.dir/src/mobile_robot/ranger_robot.cpp.o[0m
[ 28%] [32mBuilding CXX object CMakeFiles/ugv_sdk.dir/src/mobile_robot/titan_robot.cpp.o[0m
[01m[K/home/jajayu/ros2robotics2024_ws/src/ugv_sdk/src/async_port/async_can.cpp:[m[K In member function â€˜[01m[Kvoid westonrobot::AsyncCAN::Close()[m[Kâ€™:
[01m[K/home/jajayu/ros2robotics2024_ws/src/ugv_sdk/src/async_port/async_can.cpp:87:15:[m[K [01;31m[Kerror: [m[Kâ€˜[01m[Kclass asio::io_context[m[Kâ€™ has no member named â€˜[01m[Kreset[m[Kâ€™; did you mean â€˜[01m[Krestart[m[Kâ€™?
   87 |   io_context_.[01;31m[Kreset[m[K();
      |               [01;31m[K^~~~~[m[K
      |               [32m[Krestart[m[K
[01m[K/home/jajayu/ros2robotics2024_ws/src/ugv_sdk/src/async_port/async_serial.cpp:[m[K In member function â€˜[01m[Kvoid westonrobot::AsyncSerial::Close()[m[Kâ€™:
[01m[K/home/jajayu/ros2robotics2024_ws/src/ugv_sdk/src/async_port/async_serial.cpp:81:15:[m[K [01;31m[Kerror: [m[Kâ€˜[01m[Kclass asio::io_context[m[Kâ€™ has no member named â€˜[01m[Kreset[m[Kâ€™; did you mean â€˜[01m[Krestart[m[Kâ€™?
   81 |   io_context_.[01;31m[Kreset[m[K();
      |               [01;31m[K^~~~~[m[K
      |               [32m[Krestart[m[K
[01m[K/home/jajayu/ros2robotics2024_ws/src/ugv_sdk/src/async_port/async_serial.cpp:[m[K In member function â€˜[01m[Kvoid westonrobot::AsyncSerial::SendBytes(const uint8_t*, size_t)[m[Kâ€™:
[01m[K/home/jajayu/ros2robotics2024_ws/src/ugv_sdk/src/async_port/async_serial.cpp:157:15:[m[K [01;31m[Kerror: [m[Kâ€˜[01m[Kclass asio::io_context[m[Kâ€™ has no member named â€˜[01m[Kpost[m[Kâ€™
  157 |   io_context_.[01;31m[Kpost[m[K(
      |               [01;31m[K^~~~[m[K
gmake[2]: *** [CMakeFiles/ugv_sdk.dir/build.make:90: CMakeFiles/ugv_sdk.dir/src/async_port/async_can.cpp.o] Error 1
gmake[2]: *** Waiting for unfinished jobs....
gmake[2]: *** [CMakeFiles/ugv_sdk.dir/build.make:76: CMakeFiles/ugv_sdk.dir/src/async_port/async_serial.cpp.o] Error 1
gmake[1]: *** [CMakeFiles/Makefile2:209: CMakeFiles/ugv_sdk.dir/all] Error 2
gmake: *** [Makefile:156: all] Error 2
