[0.018s] Invoking command in '/home/jajayu/ros2robotics2024_ws/build/ugv_sdk': /home/jajayu/.local/bin/cmake --build /home/jajayu/ros2robotics2024_ws/build/ugv_sdk -- -j8 -l8
[0.131s] -- Build package with cmake
[0.131s] -- Tests will not be built
[0.139s] -- Project will be installed to /home/jajayu/ros2robotics2024_ws/install/ugv_sdk with 'make install'
[0.140s] --  - To install LIB components to /home/jajayu/ros2robotics2024_ws/install/ugv_sdk/lib
[0.140s] --  - To install BIN components to /home/jajayu/ros2robotics2024_ws/install/ugv_sdk/bin
[0.140s] --  - To install INCLUDE components to /home/jajayu/ros2robotics2024_ws/install/ugv_sdk/include
[0.140s] --  - To install CMAKE components to /home/jajayu/ros2robotics2024_ws/install/ugv_sdk/share/cmake/ugv_sdk
[0.151s] -- Configuring done (0.0s)
[0.185s] -- Generating done (0.0s)
[0.187s] -- Build files have been written to: /home/jajayu/ros2robotics2024_ws/build/ugv_sdk
[0.205s] [  3%] [32mBuilding CXX object CMakeFiles/ugv_sdk.dir/src/async_port/async_serial.cpp.o[0m
[0.206s] [  7%] [32mBuilding CXX object CMakeFiles/ugv_sdk.dir/src/async_port/async_can.cpp.o[0m
[0.206s] [ 10%] [32mBuilding CXX object CMakeFiles/ugv_sdk.dir/src/utilities/protocol_detector.cpp.o[0m
[0.206s] [ 14%] [32mBuilding CXX object CMakeFiles/ugv_sdk.dir/src/mobile_robot/scout_robot.cpp.o[0m
[0.206s] [ 17%] [32mBuilding CXX object CMakeFiles/ugv_sdk.dir/src/mobile_robot/hunter_robot.cpp.o[0m
[0.207s] [ 21%] [32mBuilding CXX object CMakeFiles/ugv_sdk.dir/src/mobile_robot/bunker_robot.cpp.o[0m
[0.208s] [ 25%] [32mBuilding CXX object CMakeFiles/ugv_sdk.dir/src/mobile_robot/ranger_robot.cpp.o[0m
[0.219s] [ 28%] [32mBuilding CXX object CMakeFiles/ugv_sdk.dir/src/mobile_robot/titan_robot.cpp.o[0m
[2.187s] [01m[K/home/jajayu/ros2robotics2024_ws/src/ugv_sdk/src/async_port/async_can.cpp:[m[K In member function â€˜[01m[Kvoid westonrobot::AsyncCAN::Close()[m[Kâ€™:
[2.187s] [01m[K/home/jajayu/ros2robotics2024_ws/src/ugv_sdk/src/async_port/async_can.cpp:87:15:[m[K [01;31m[Kerror: [m[Kâ€˜[01m[Kclass asio::io_context[m[Kâ€™ has no member named â€˜[01m[Kreset[m[Kâ€™; did you mean â€˜[01m[Krestart[m[Kâ€™?
[2.187s]    87 |   io_context_.[01;31m[Kreset[m[K();
[2.187s]       |               [01;31m[K^~~~~[m[K
[2.187s]       |               [32m[Krestart[m[K
[2.622s] [01m[K/home/jajayu/ros2robotics2024_ws/src/ugv_sdk/src/async_port/async_serial.cpp:[m[K In member function â€˜[01m[Kvoid westonrobot::AsyncSerial::Close()[m[Kâ€™:
[2.622s] [01m[K/home/jajayu/ros2robotics2024_ws/src/ugv_sdk/src/async_port/async_serial.cpp:81:15:[m[K [01;31m[Kerror: [m[Kâ€˜[01m[Kclass asio::io_context[m[Kâ€™ has no member named â€˜[01m[Kreset[m[Kâ€™; did you mean â€˜[01m[Krestart[m[Kâ€™?
[2.622s]    81 |   io_context_.[01;31m[Kreset[m[K();
[2.622s]       |               [01;31m[K^~~~~[m[K
[2.622s]       |               [32m[Krestart[m[K
[2.633s] [01m[K/home/jajayu/ros2robotics2024_ws/src/ugv_sdk/src/async_port/async_serial.cpp:[m[K In member function â€˜[01m[Kvoid westonrobot::AsyncSerial::SendBytes(const uint8_t*, size_t)[m[Kâ€™:
[2.633s] [01m[K/home/jajayu/ros2robotics2024_ws/src/ugv_sdk/src/async_port/async_serial.cpp:157:15:[m[K [01;31m[Kerror: [m[Kâ€˜[01m[Kclass asio::io_context[m[Kâ€™ has no member named â€˜[01m[Kpost[m[Kâ€™
[2.633s]   157 |   io_context_.[01;31m[Kpost[m[K(
[2.633s]       |               [01;31m[K^~~~[m[K
[2.850s] gmake[2]: *** [CMakeFiles/ugv_sdk.dir/build.make:90: CMakeFiles/ugv_sdk.dir/src/async_port/async_can.cpp.o] Error 1
[2.850s] gmake[2]: *** Waiting for unfinished jobs....
[3.246s] gmake[2]: *** [CMakeFiles/ugv_sdk.dir/build.make:76: CMakeFiles/ugv_sdk.dir/src/async_port/async_serial.cpp.o] Error 1
[4.274s] gmake[1]: *** [CMakeFiles/Makefile2:209: CMakeFiles/ugv_sdk.dir/all] Error 2
[4.274s] gmake: *** [Makefile:156: all] Error 2
[4.292s] Invoked command in '/home/jajayu/ros2robotics2024_ws/build/ugv_sdk' returned '2': /home/jajayu/.local/bin/cmake --build /home/jajayu/ros2robotics2024_ws/build/ugv_sdk -- -j8 -l8
