[0.029s] Invoking command in '/home/jajayu/ros2robotics2024_ws/build/ugv_sdk': /home/jajayu/.local/bin/cmake --build /home/jajayu/ros2robotics2024_ws/build/ugv_sdk -- -j8 -l8
[0.154s] [  3%] [32mBuilding CXX object CMakeFiles/ugv_sdk.dir/src/async_port/async_serial.cpp.o[0m
[0.155s] [  7%] [32mBuilding CXX object CMakeFiles/ugv_sdk.dir/src/async_port/async_can.cpp.o[0m
[0.159s] [ 14%] [32mBuilding CXX object CMakeFiles/ugv_sdk.dir/src/utilities/protocol_detector.cpp.o[0m
[0.159s] [ 21%] [32mBuilding CXX object CMakeFiles/ugv_sdk.dir/src/mobile_robot/bunker_robot.cpp.o[0m
[0.159s] [ 14%] [32mBuilding CXX object CMakeFiles/ugv_sdk.dir/src/mobile_robot/scout_robot.cpp.o[0m
[0.159s] [ 17%] [32mBuilding CXX object CMakeFiles/ugv_sdk.dir/src/mobile_robot/hunter_robot.cpp.o[0m
[0.164s] [ 25%] [32mBuilding CXX object CMakeFiles/ugv_sdk.dir/src/mobile_robot/ranger_robot.cpp.o[0m
[0.164s] [ 28%] [32mBuilding CXX object CMakeFiles/ugv_sdk.dir/src/mobile_robot/titan_robot.cpp.o[0m
[0.198s] In file included from [01m[K/home/jajayu/ros2robotics2024_ws/src/ugv_sdk/src/async_port/async_can.cpp:10[m[K:
[0.198s] [01m[K/home/jajayu/ros2robotics2024_ws/src/ugv_sdk/include/ugv_sdk/details/async_port/async_can.hpp:24:10:[m[K [01;31m[Kfatal error: [m[Kasio.hpp: No such file or directory
[0.198s]    24 | #include [01;31m[K"asio.hpp"[m[K
[0.198s]       |          [01;31m[K^~~~~~~~~~[m[K
[0.198s] compilation terminated.
[0.201s] gmake[2]: *** [CMakeFiles/ugv_sdk.dir/build.make:90: CMakeFiles/ugv_sdk.dir/src/async_port/async_can.cpp.o] Error 1
[0.201s] gmake[2]: *** Waiting for unfinished jobs....
[0.211s] In file included from [01m[K/home/jajayu/ros2robotics2024_ws/src/ugv_sdk/src/async_port/async_serial.cpp:10[m[K:
[0.211s] [01m[K/home/jajayu/ros2robotics2024_ws/src/ugv_sdk/include/ugv_sdk/details/async_port/async_serial.hpp:20:10:[m[K [01;31m[Kfatal error: [m[Kasio.hpp: No such file or directory
[0.211s]    20 | #include [01;31m[K"asio.hpp"[m[K
[0.211s]       |          [01;31m[K^~~~~~~~~~[m[K
[0.212s] compilation terminated.
[0.214s] gmake[2]: *** [CMakeFiles/ugv_sdk.dir/build.make:76: CMakeFiles/ugv_sdk.dir/src/async_port/async_serial.cpp.o] Error 1
[0.219s] In file included from [01m[K/home/jajayu/ros2robotics2024_ws/src/ugv_sdk/include/ugv_sdk/details/robot_base/agilex_base.hpp:21[m[K,
[0.222s]                  from [01m[K/home/jajayu/ros2robotics2024_ws/src/ugv_sdk/include/ugv_sdk/details/robot_base/scout_base.hpp:19[m[K,
[0.222s]                  from [01m[K/home/jajayu/ros2robotics2024_ws/src/ugv_sdk/src/mobile_robot/scout_robot.cpp:11[m[K:
[0.222s] [01m[K/home/jajayu/ros2robotics2024_ws/src/ugv_sdk/include/ugv_sdk/details/async_port/async_can.hpp:24:10:[m[K [01;31m[Kfatal error: [m[Kasio.hpp: No such file or directory
[0.222s]    24 | #include [01;31m[K"asio.hpp"[m[K
[0.222s]       |          [01;31m[K^~~~~~~~~~[m[K
[0.222s] compilation terminated.
[0.222s] In file included from [01m[K/home/jajayu/ros2robotics2024_ws/src/ugv_sdk/include/ugv_sdk/details/robot_base/agilex_base.hpp:21[m[K,
[0.222s]                  from [01m[K/home/jajayu/ros2robotics2024_ws/src/ugv_sdk/include/ugv_sdk/details/robot_base/hunter_base.hpp:19[m[K,
[0.222s]                  from [01m[K/home/jajayu/ros2robotics2024_ws/src/ugv_sdk/src/mobile_robot/hunter_robot.cpp:11[m[K:
[0.222s] [01m[K/home/jajayu/ros2robotics2024_ws/src/ugv_sdk/include/ugv_sdk/details/async_port/async_can.hpp:24:10:[m[K [01;31m[Kfatal error: [m[Kasio.hpp: No such file or directory
[0.222s]    24 | #include [01;31m[K"asio.hpp"[m[K
[0.223s]       |          [01;31m[K^~~~~~~~~~[m[K
[0.223s] compilation terminated.
[0.223s] In file included from [01m[K/home/jajayu/ros2robotics2024_ws/src/ugv_sdk/include/ugv_sdk/utilities/protocol_detector.hpp:15[m[K,
[0.223s]                  from [01m[K/home/jajayu/ros2robotics2024_ws/src/ugv_sdk/src/utilities/protocol_detector.cpp:10[m[K:
[0.223s] [01m[K/home/jajayu/ros2robotics2024_ws/src/ugv_sdk/include/ugv_sdk/details/async_port/async_can.hpp:24:10:[m[K [01;31m[Kfatal error: [m[Kasio.hpp: No such file or directory
[0.223s]    24 | #include [01;31m[K"asio.hpp"[m[K
[0.223s]       |          [01;31m[K^~~~~~~~~~[m[K
[0.223s] compilation terminated.
[0.223s] gmake[2]: *** [CMakeFiles/ugv_sdk.dir/build.make:118: CMakeFiles/ugv_sdk.dir/src/mobile_robot/scout_robot.cpp.o] Error 1
[0.223s] gmake[2]: *** [CMakeFiles/ugv_sdk.dir/build.make:132: CMakeFiles/ugv_sdk.dir/src/mobile_robot/hunter_robot.cpp.o] Error 1
[0.223s] gmake[2]: *** [CMakeFiles/ugv_sdk.dir/build.make:104: CMakeFiles/ugv_sdk.dir/src/utilities/protocol_detector.cpp.o] Error 1
[0.254s] In file included from [01m[K/home/jajayu/ros2robotics2024_ws/src/ugv_sdk/include/ugv_sdk/details/robot_base/agilex_base.hpp:21[m[K,
[0.254s]                  from [01m[K/home/jajayu/ros2robotics2024_ws/src/ugv_sdk/include/ugv_sdk/details/robot_base/bunker_base.hpp:19[m[K,
[0.254s]                  from [01m[K/home/jajayu/ros2robotics2024_ws/src/ugv_sdk/src/mobile_robot/bunker_robot.cpp:11[m[K:
[0.254s] [01m[K/home/jajayu/ros2robotics2024_ws/src/ugv_sdk/include/ugv_sdk/details/async_port/async_can.hpp:24:10:[m[K [01;31m[Kfatal error: [m[Kasio.hpp: No such file or directory
[0.254s]    24 | #include [01;31m[K"asio.hpp"[m[K
[0.254s]       |          [01;31m[K^~~~~~~~~~[m[K
[0.255s] compilation terminated.
[0.256s] gmake[2]: *** [CMakeFiles/ugv_sdk.dir/build.make:146: CMakeFiles/ugv_sdk.dir/src/mobile_robot/bunker_robot.cpp.o] Error 1
[0.265s] In file included from [01m[K/home/jajayu/ros2robotics2024_ws/src/ugv_sdk/include/ugv_sdk/details/robot_base/agilex_base.hpp:21[m[K,
[0.265s]                  from [01m[K/home/jajayu/ros2robotics2024_ws/src/ugv_sdk/include/ugv_sdk/details/robot_base/ranger_base.hpp:19[m[K,
[0.265s]                  from [01m[K/home/jajayu/ros2robotics2024_ws/src/ugv_sdk/include/ugv_sdk/mobile_robot/ranger_robot.hpp:15[m[K,
[0.265s]                  from [01m[K/home/jajayu/ros2robotics2024_ws/src/ugv_sdk/src/mobile_robot/ranger_robot.cpp:9[m[K:
[0.266s] [01m[K/home/jajayu/ros2robotics2024_ws/src/ugv_sdk/include/ugv_sdk/details/async_port/async_can.hpp:24:10:[m[K [01;31m[Kfatal error: [m[Kasio.hpp: No such file or directory
[0.266s]    24 | #include [01;31m[K"asio.hpp"[m[K
[0.266s]       |          [01;31m[K^~~~~~~~~~[m[K
[0.266s] compilation terminated.
[0.267s] gmake[2]: *** [CMakeFiles/ugv_sdk.dir/build.make:160: CMakeFiles/ugv_sdk.dir/src/mobile_robot/ranger_robot.cpp.o] Error 1
[0.269s] In file included from [01m[K/home/jajayu/ros2robotics2024_ws/src/ugv_sdk/include/ugv_sdk/details/robot_base/agilex_base.hpp:21[m[K,
[0.269s]                  from [01m[K/home/jajayu/ros2robotics2024_ws/src/ugv_sdk/include/ugv_sdk/details/robot_base/titan_base.hpp:18[m[K,
[0.269s]                  from [01m[K/home/jajayu/ros2robotics2024_ws/src/ugv_sdk/include/ugv_sdk/mobile_robot/titan_robot.hpp:15[m[K,
[0.269s]                  from [01m[K/home/jajayu/ros2robotics2024_ws/src/ugv_sdk/src/mobile_robot/titan_robot.cpp:9[m[K:
[0.269s] [01m[K/home/jajayu/ros2robotics2024_ws/src/ugv_sdk/include/ugv_sdk/details/async_port/async_can.hpp:24:10:[m[K [01;31m[Kfatal error: [m[Kasio.hpp: No such file or directory
[0.269s]    24 | #include [01;31m[K"asio.hpp"[m[K
[0.270s]       |          [01;31m[K^~~~~~~~~~[m[K
[0.270s] compilation terminated.
[0.271s] gmake[2]: *** [CMakeFiles/ugv_sdk.dir/build.make:174: CMakeFiles/ugv_sdk.dir/src/mobile_robot/titan_robot.cpp.o] Error 1
[0.271s] gmake[1]: *** [CMakeFiles/Makefile2:209: CMakeFiles/ugv_sdk.dir/all] Error 2
[0.271s] gmake: *** [Makefile:156: all] Error 2
[0.287s] Invoked command in '/home/jajayu/ros2robotics2024_ws/build/ugv_sdk' returned '2': /home/jajayu/.local/bin/cmake --build /home/jajayu/ros2robotics2024_ws/build/ugv_sdk -- -j8 -l8
