[ 42%] Built target ugv_sdk
[ 46%] [32m[1mLinking CXX executable ../../bin/demo_scout_robot[0m
[ 50%] [32m[1mLinking CXX executable ../../bin/demo_scout_mini_omni_robot[0m
[ 53%] [32m[1mLinking CXX executable ../../bin/demo_tracer_robot[0m
[ 57%] [32m[1mLinking CXX executable ../../bin/demo_bunker_robot[0m
[ 60%] [32m[1mLinking CXX executable ../../bin/demo_protocol_detector[0m
/usr/bin/ld: cannot find -lasio: No such file or directory
/usr/bin/ld: cannot find -lasio: /usr/bin/ldNo such file or directory
: cannot find -lasio: No such file or directory
/usr/bin/ld: cannot find -lasio: No such file or directory
[ 64%] [32m[1mLinking CXX executable ../../bin/demo_robot_version[0m
/usr/bin/ld: cannot find -lasio: No such file or directory
[ 67%] [32m[1mLinking CXX executable ../../bin/demo_ranger_robot[0m
[ 71%] [32m[1mLinking CXX executable ../../bin/demo_hunter_robot[0m
/usr/bin/ld: cannot find -lasio: No such file or directory
collect2: error: ld returned 1 exit status
collect2: error: ld returned 1 exit status
/usr/bin/ldgmake[2]: *** [sample/scout_demo/CMakeFiles/demo_scout_robot.dir/build.make:98: bin/demo_scout_robot] Error 1
/usr/bin/ld: cannot find : cannot find -lasio: No such file or directory
gmake[1]: *** [CMakeFiles/Makefile2:235: sample/scout_demo/CMakeFiles/demo_scout_robot.dir/all] Error 2
collect2: error: ld returned 1 exit status
gmake[2]: *** [sample/scout_demo/CMakeFiles/demo_scout_mini_omni_robot.dir/build.make:98: bin/demo_scout_mini_omni_robot] Error 1
collect2: error: ld returned 1 exit status
-lasiogmake[1]: *** Waiting for unfinished jobs....
: No such file or directory
gmake[2]: *** [sample/bunker_demo/CMakeFiles/demo_bunker_robot.dir/build.make:98: bin/demo_bunker_robot] Error 1
gmake[1]: *** [CMakeFiles/Makefile2:339: sample/bunker_demo/CMakeFiles/demo_bunker_robot.dir/all] Error 2
gmake[1]: *** [CMakeFiles/Makefile2:261: sample/scout_demo/CMakeFiles/demo_scout_mini_omni_robot.dir/all] Error 2
collect2: error: ld returned 1 exit status
gmake[2]: *** [sample/tracer_demo/CMakeFiles/demo_tracer_robot.dir/build.make:98: bin/demo_tracer_robot] Error 1
gmake[1]: *** [CMakeFiles/Makefile2:287: sample/tracer_demo/CMakeFiles/demo_tracer_robot.dir/all] Error 2
gmake[2]: *** [sample/utils_demo/CMakeFiles/demo_protocol_detector.dir/build.make:98: bin/demo_protocol_detector] Error 1
gmake[1]: *** [CMakeFiles/Makefile2:391: sample/utils_demo/CMakeFiles/demo_protocol_detector.dir/all] Error 2
collect2: error: ld returned 1 exit status
gmake[2]: *** [sample/hunter_demo/CMakeFiles/demo_hunter_robot.dir/build.make:98: bin/demo_hunter_robot] Error 1
gmake[1]: *** [CMakeFiles/Makefile2:365: sample/hunter_demo/CMakeFiles/demo_hunter_robot.dir/all] Error 2
collect2: error: ld returned 1 exit status
gmake[2]: *** [sample/ranger_demo/CMakeFiles/demo_ranger_robot.dir/build.make:98: bin/demo_ranger_robot] Error 1
gmake[1]: *** [CMakeFiles/Makefile2:313: sample/ranger_demo/CMakeFiles/demo_ranger_robot.dir/all] Error 2
collect2: error: ld returned 1 exit status
gmake[2]: *** [sample/utils_demo/CMakeFiles/demo_robot_version.dir/build.make:98: bin/demo_robot_version] Error 1
gmake[1]: *** [CMakeFiles/Makefile2:417: sample/utils_demo/CMakeFiles/demo_robot_version.dir/all] Error 2
gmake: *** [Makefile:156: all] Error 2
