-- Found tf2_geometry_msgs: 0.25.7 (/opt/ros/humble/share/tf2_geometry_msgs/cmake)
-- Found rosidl_generator_c: 3.1.5 (/opt/ros/humble/share/rosidl_generator_c/cmake)
-- Found rosidl_adapter: 3.1.5 (/opt/ros/humble/share/rosidl_adapter/cmake)
-- Found rosidl_generator_cpp: 3.1.5 (/opt/ros/humble/share/rosidl_generator_cpp/cmake)
-- Using all available rosidl_typesupport_c: rosidl_typesupport_fastrtps_c;rosidl_typesupport_introspection_c
-- Using all available rosidl_typesupport_cpp: rosidl_typesupport_fastrtps_cpp;rosidl_typesupport_introspection_cpp
-- Found eigen3_cmake_module: 0.1.1 (/opt/ros/humble/share/eigen3_cmake_module/cmake)
-- Ensuring Eigen3 include directory is part of orocos-kdl CMake target
-- Found rmw_implementation_cmake: 6.1.2 (/opt/ros/humble/share/rmw_implementation_cmake/cmake)
-- Found rmw_fastrtps_cpp: 6.2.6 (/opt/ros/humble/share/rmw_fastrtps_cpp/cmake)
-- Using RMW implementation 'rmw_fastrtps_cpp' as default
-- Build package with cmake
-- Tests will not be built
-- Project will be installed to /home/jajayu/ros2robotics2024_ws/install/ugv_sdk with 'make install'
--  - To install LIB components to /home/jajayu/ros2robotics2024_ws/install/ugv_sdk/lib
--  - To install BIN components to /home/jajayu/ros2robotics2024_ws/install/ugv_sdk/bin
--  - To install INCLUDE components to /home/jajayu/ros2robotics2024_ws/install/ugv_sdk/include
--  - To install CMAKE components to /home/jajayu/ros2robotics2024_ws/install/ugv_sdk/share/cmake/ugv_sdk
-- Configuring done (1.5s)
-- Generating done (0.1s)
-- Build files have been written to: /home/jajayu/ros2robotics2024_ws/build/ugv_sdk
[  3%] [32mBuilding CXX object CMakeFiles/ugv_sdk.dir/src/async_port/async_serial.cpp.o[0m
[  7%] [32mBuilding CXX object CMakeFiles/ugv_sdk.dir/src/async_port/async_can.cpp.o[0m
[ 10%] [32mBuilding CXX object CMakeFiles/ugv_sdk.dir/src/utilities/protocol_detector.cpp.o[0m
[ 14%] [32mBuilding CXX object CMakeFiles/ugv_sdk.dir/src/mobile_robot/scout_robot.cpp.o[0m
[ 17%] [32mBuilding CXX object CMakeFiles/ugv_sdk.dir/src/mobile_robot/hunter_robot.cpp.o[0m
[ 21%] [32mBuilding CXX object CMakeFiles/ugv_sdk.dir/src/mobile_robot/bunker_robot.cpp.o[0m
[ 25%] [32mBuilding CXX object CMakeFiles/ugv_sdk.dir/src/mobile_robot/ranger_robot.cpp.o[0m
[ 28%] [32mBuilding CXX object CMakeFiles/ugv_sdk.dir/src/mobile_robot/titan_robot.cpp.o[0m
[ 32%] [32mBuilding C object CMakeFiles/ugv_sdk.dir/src/protocol_v2/agilex_msg_parser_v2.c.o[0m
[ 35%] [32mBuilding CXX object CMakeFiles/ugv_sdk.dir/src/protocol_v2/protocol_v2_parser.cpp.o[0m
[ 39%] [32mBuilding C object CMakeFiles/ugv_sdk.dir/src/protocol_v1/agilex_msg_parser_v1.c.o[0m
[ 42%] [32m[1mLinking CXX static library lib/libugv_sdk.a[0m
[ 42%] Built target ugv_sdk
[ 46%] [32mBuilding CXX object sample/bunker_demo/CMakeFiles/demo_bunker_robot.dir/bunker_robot_demo.cpp.o[0m
[ 50%] [32mBuilding CXX object sample/scout_demo/CMakeFiles/demo_scout_mini_omni_robot.dir/scout_mini_omni_demo.cpp.o[0m
[ 53%] [32mBuilding CXX object sample/tracer_demo/CMakeFiles/demo_tracer_robot.dir/tracer_robot_demo.cpp.o[0m
[ 57%] [32mBuilding CXX object sample/ranger_demo/CMakeFiles/demo_ranger_robot.dir/ranger_robot_demo.cpp.o[0m
[ 60%] [32mBuilding CXX object sample/utils_demo/CMakeFiles/demo_protocol_detector.dir/demo_protocol_detector.cpp.o[0m
[ 67%] [32mBuilding CXX object sample/utils_demo/CMakeFiles/demo_robot_version.dir/demo_robot_version.cpp.o[0m
[ 67%] [32mBuilding CXX object sample/hunter_demo/CMakeFiles/demo_hunter_robot.dir/hunter_robot_demo.cpp.o[0m
[ 71%] [32mBuilding CXX object sample/scout_demo/CMakeFiles/demo_scout_robot.dir/scout_robot_demo.cpp.o[0m
[ 75%] [32m[1mLinking CXX executable ../../bin/demo_bunker_robot[0m
/usr/bin/ld: cannot find -ltf2_geometry_msgs: No such file or directory
collect2: error: ld returned 1 exit status
gmake[2]: *** [sample/bunker_demo/CMakeFiles/demo_bunker_robot.dir/build.make:98: bin/demo_bunker_robot] Error 1
gmake[1]: *** [CMakeFiles/Makefile2:393: sample/bunker_demo/CMakeFiles/demo_bunker_robot.dir/all] Error 2
gmake[1]: *** Waiting for unfinished jobs....
[ 78%] [32m[1mLinking CXX executable ../../bin/demo_protocol_detector[0m
/usr/bin/ld: cannot find -ltf2_geometry_msgs: No such file or directory
collect2: error: ld returned 1 exit status
gmake[2]: *** [sample/utils_demo/CMakeFiles/demo_protocol_detector.dir/build.make:98: bin/demo_protocol_detector] Error 1
gmake[1]: *** [CMakeFiles/Makefile2:445: sample/utils_demo/CMakeFiles/demo_protocol_detector.dir/all] Error 2
[ 82%] [32m[1mLinking CXX executable ../../bin/demo_robot_version[0m
/usr/bin/ld: cannot find -ltf2_geometry_msgs: No such file or directory
[ 85%] [32m[1mLinking CXX executable ../../bin/demo_hunter_robot[0m
/usr/bin/ld: cannot find -ltf2_geometry_msgs: No such file or directory
[ 89%] [32m[1mLinking CXX executable ../../bin/demo_scout_robot[0m
collect2: error: ld returned 1 exit status
gmake[2]: *** [sample/utils_demo/CMakeFiles/demo_robot_version.dir/build.make:98: bin/demo_robot_version] Error 1
gmake[1]: *** [CMakeFiles/Makefile2:471: sample/utils_demo/CMakeFiles/demo_robot_version.dir/all] Error 2
/usr/bin/ld: cannot find -ltf2_geometry_msgs: No such file or directory
[ 92%] [32m[1mLinking CXX executable ../../bin/demo_scout_mini_omni_robot[0m
collect2: error: ld returned 1 exit status
gmake[2]: *** [sample/hunter_demo/CMakeFiles/demo_hunter_robot.dir/build.make:98: bin/demo_hunter_robot] Error 1
gmake[1]: *** [CMakeFiles/Makefile2:419: sample/hunter_demo/CMakeFiles/demo_hunter_robot.dir/all] Error 2
/usr/bin/ld: cannot find -ltf2_geometry_msgs: No such file or directory
collect2: error: ld returned 1 exit status
gmake[2]: *** [sample/scout_demo/CMakeFiles/demo_scout_robot.dir/build.make:98: bin/demo_scout_robot] Error 1
gmake[1]: *** [CMakeFiles/Makefile2:289: sample/scout_demo/CMakeFiles/demo_scout_robot.dir/all] Error 2
collect2: error: ld returned 1 exit status
gmake[2]: *** [sample/scout_demo/CMakeFiles/demo_scout_mini_omni_robot.dir/build.make:98: bin/demo_scout_mini_omni_robot] Error 1
gmake[1]: *** [CMakeFiles/Makefile2:315: sample/scout_demo/CMakeFiles/demo_scout_mini_omni_robot.dir/all] Error 2
[ 96%] [32m[1mLinking CXX executable ../../bin/demo_ranger_robot[0m
/usr/bin/ld: cannot find -ltf2_geometry_msgs: No such file or directory
collect2: error: ld returned 1 exit status
gmake[2]: *** [sample/ranger_demo/CMakeFiles/demo_ranger_robot.dir/build.make:98: bin/demo_ranger_robot] Error 1
gmake[1]: *** [CMakeFiles/Makefile2:367: sample/ranger_demo/CMakeFiles/demo_ranger_robot.dir/all] Error 2
[100%] [32m[1mLinking CXX executable ../../bin/demo_tracer_robot[0m
/usr/bin/ld: cannot find -ltf2_geometry_msgs: No such file or directory
collect2: error: ld returned 1 exit status
gmake[2]: *** [sample/tracer_demo/CMakeFiles/demo_tracer_robot.dir/build.make:98: bin/demo_tracer_robot] Error 1
gmake[1]: *** [CMakeFiles/Makefile2:341: sample/tracer_demo/CMakeFiles/demo_tracer_robot.dir/all] Error 2
gmake: *** [Makefile:166: all] Error 2
