[0.026s] Invoking command in '/home/jajayu/ros2robotics2024_ws/build/ugv_sdk': /home/jajayu/.local/bin/cmake --build /home/jajayu/ros2robotics2024_ws/build/ugv_sdk -- -j8 -l8
[0.178s] [  3%] [32mBuilding CXX object CMakeFiles/ugv_sdk.dir/src/async_port/async_serial.cpp.o[0m
[0.179s] [  7%] [32mBuilding CXX object CMakeFiles/ugv_sdk.dir/src/async_port/async_can.cpp.o[0m
[1.440s] [01m[K/home/jajayu/ros2robotics2024_ws/src/ugv_sdk/src/async_port/async_serial.cpp:[m[K In member function â€˜[01m[Kvoid westonrobot::AsyncSerial::SendBytes(const uint8_t*, size_t)[m[Kâ€™:
[1.440s] [01m[K/home/jajayu/ros2robotics2024_ws/src/ugv_sdk/src/async_port/async_serial.cpp:157:15:[m[K [01;31m[Kerror: [m[Kâ€˜[01m[Kclass asio::io_context[m[Kâ€™ has no member named â€˜[01m[Kpost[m[Kâ€™
[1.440s]   157 |   io_context_.[01;31m[Kpost[m[K(
[1.440s]       |               [01;31m[K^~~~[m[K
[1.885s] gmake[2]: *** [CMakeFiles/ugv_sdk.dir/build.make:76: CMakeFiles/ugv_sdk.dir/src/async_port/async_serial.cpp.o] Error 1
[1.886s] gmake[2]: *** Waiting for unfinished jobs....
[3.666s] gmake[1]: *** [CMakeFiles/Makefile2:209: CMakeFiles/ugv_sdk.dir/all] Error 2
[3.667s] gmake: *** [Makefile:156: all] Error 2
[3.682s] Invoked command in '/home/jajayu/ros2robotics2024_ws/build/ugv_sdk' returned '2': /home/jajayu/.local/bin/cmake --build /home/jajayu/ros2robotics2024_ws/build/ugv_sdk -- -j8 -l8
