[0.015s] Invoking command in '/home/jajayu/ros2robotics2024_ws/build/scout_base': AMENT_PREFIX_PATH=/home/jajayu/ros2robotics2024_ws/install/scout_msgs:${AMENT_PREFIX_PATH} CMAKE_PREFIX_PATH=/home/jajayu/TomatoHarvesting_NextBestView/nbv_code/ros2_ws2/install/my_robot_nbv:/home/jajayu/TomatoHarvesting_NextBestView/nbv_code/ros2_ws2/install/my_robot_cam:/home/jajayu/ros2_ws/install/webots_ros2_tests:/home/jajayu/ros2_ws/install/webots_ros2:/home/jajayu/ros2_ws/install/pcd_demo:/home/jajayu/ros2_ws/install/my_robot_controller:/home/jajayu/ros2_ws/install/my_robot_cam:/home/jajayu/ros2_ws/install/gazebo_tutorial:/opt/ros/humble:/home/jajayu/ros2robotics2024_ws/install/ugv_sdk:/home/jajayu/ros2robotics2024_ws/install/scout_msgs:${CMAKE_PREFIX_PATH} LD_LIBRARY_PATH=/home/jajayu/ros2robotics2024_ws/install/scout_msgs/lib:${LD_LIBRARY_PATH} PKG_CONFIG_PATH=/home/jajayu/ros2robotics2024_ws/install/ugv_sdk/lib/x86_64-linux-gnu/pkgconfig:/home/jajayu/ros2robotics2024_ws/install/ugv_sdk/lib/pkgconfig PYTHONPATH=/home/jajayu/ros2robotics2024_ws/install/scout_msgs/local/lib/python3.10/dist-packages:${PYTHONPATH} ROS_PACKAGE_PATH=/home/jajayu/ros2robotics2024_ws/install/ugv_sdk/share /home/jajayu/.local/bin/cmake /home/jajayu/ros2robotics2024_ws/src/scout_ros2/scout_base -DCMAKE_INSTALL_PREFIX=/home/jajayu/ros2robotics2024_ws/install/scout_base
[0.162s] -- The C compiler identification is GNU 11.4.0
[0.229s] -- The CXX compiler identification is GNU 11.4.0
[0.241s] -- Detecting C compiler ABI info
[0.300s] -- Detecting C compiler ABI info - done
[0.317s] -- Check for working C compiler: /usr/bin/cc - skipped
[0.318s] -- Detecting C compile features
[0.320s] -- Detecting C compile features - done
[0.323s] -- Detecting CXX compiler ABI info
[0.396s] -- Detecting CXX compiler ABI info - done
[0.414s] -- Check for working CXX compiler: /usr/bin/c++ - skipped
[0.415s] -- Detecting CXX compile features
[0.415s] -- Detecting CXX compile features - done
[0.424s] -- Found ament_cmake: 1.3.9 (/opt/ros/humble/share/ament_cmake/cmake)
[0.582s] -- Found Python3: /usr/bin/python3 (found version "3.10.12") found components: Interpreter
[0.683s] -- Found rclcpp: 16.0.9 (/opt/ros/humble/share/rclcpp/cmake)
[0.738s] -- Found rosidl_generator_c: 3.1.5 (/opt/ros/humble/share/rosidl_generator_c/cmake)
[0.742s] -- Found rosidl_adapter: 3.1.5 (/opt/ros/humble/share/rosidl_adapter/cmake)
[0.750s] -- Found rosidl_generator_cpp: 3.1.5 (/opt/ros/humble/share/rosidl_generator_cpp/cmake)
[0.767s] -- Using all available rosidl_typesupport_c: rosidl_typesupport_fastrtps_c;rosidl_typesupport_introspection_c
[0.788s] -- Using all available rosidl_typesupport_cpp: rosidl_typesupport_fastrtps_cpp;rosidl_typesupport_introspection_cpp
[0.869s] -- Found rmw_implementation_cmake: 6.1.2 (/opt/ros/humble/share/rmw_implementation_cmake/cmake)
[0.872s] -- Found rmw_fastrtps_cpp: 6.2.6 (/opt/ros/humble/share/rmw_fastrtps_cpp/cmake)
[0.996s] -- Found OpenSSL: /usr/lib/x86_64-linux-gnu/libcrypto.so (found version "3.0.2")
[1.040s] -- Found FastRTPS: /opt/ros/humble/include
[1.077s] -- Using RMW implementation 'rmw_fastrtps_cpp' as default
[1.089s] -- Performing Test CMAKE_HAVE_LIBC_PTHREAD
[1.152s] -- Performing Test CMAKE_HAVE_LIBC_PTHREAD - Success
[1.154s] -- Found Threads: TRUE
[1.336s] -- Found geometry_msgs: 4.2.4 (/opt/ros/humble/share/geometry_msgs/cmake)
[1.391s] -- Found nav_msgs: 4.2.4 (/opt/ros/humble/share/nav_msgs/cmake)
[1.505s] -- Found sensor_msgs: 4.2.4 (/opt/ros/humble/share/sensor_msgs/cmake)
[1.624s] -- Found tf2: 0.25.7 (/opt/ros/humble/share/tf2/cmake)
[1.639s] -- Found tf2_ros: 0.25.8 (/opt/ros/humble/share/tf2_ros/cmake)
[2.050s] -- Found scout_msgs: 0.1.0 (/home/jajayu/ros2robotics2024_ws/install/scout_msgs/share/scout_msgs/cmake)
[2.140s] -- Found ament_lint_auto: 0.12.11 (/opt/ros/humble/share/ament_lint_auto/cmake)
[2.246s] -- Added test 'copyright' to check source files copyright and LICENSE
[2.247s] -- Added test 'cppcheck' to perform static code analysis on C / C++ code
[2.247s] -- Configured cppcheck include dirs: /home/jajayu/ros2robotics2024_ws/src/scout_ros2/scout_base/include
[2.247s] -- Configured cppcheck exclude dirs and/or files: 
[2.248s] -- Added test 'cpplint' to check C / C++ code against the Google style
[2.248s] -- Configured cpplint exclude dirs and/or files: 
[2.249s] -- Added test 'flake8' to check Python code syntax and style conventions
[2.250s] -- Added test 'lint_cmake' to check CMake code style
[2.251s] -- Added test 'pep257' to check Python code against some of the docstring style conventions in PEP 257
[2.252s] -- Added test 'uncrustify' to check C / C++ code style
[2.252s] -- Configured uncrustify additional arguments: 
[2.252s] -- Added test 'xmllint' to check XML markup files
[2.256s] -- Configuring done (2.1s)
[2.273s] -- Generating done (0.0s)
[2.274s] -- Build files have been written to: /home/jajayu/ros2robotics2024_ws/build/scout_base
[2.307s] Invoked command in '/home/jajayu/ros2robotics2024_ws/build/scout_base' returned '0': AMENT_PREFIX_PATH=/home/jajayu/ros2robotics2024_ws/install/scout_msgs:${AMENT_PREFIX_PATH} CMAKE_PREFIX_PATH=/home/jajayu/TomatoHarvesting_NextBestView/nbv_code/ros2_ws2/install/my_robot_nbv:/home/jajayu/TomatoHarvesting_NextBestView/nbv_code/ros2_ws2/install/my_robot_cam:/home/jajayu/ros2_ws/install/webots_ros2_tests:/home/jajayu/ros2_ws/install/webots_ros2:/home/jajayu/ros2_ws/install/pcd_demo:/home/jajayu/ros2_ws/install/my_robot_controller:/home/jajayu/ros2_ws/install/my_robot_cam:/home/jajayu/ros2_ws/install/gazebo_tutorial:/opt/ros/humble:/home/jajayu/ros2robotics2024_ws/install/ugv_sdk:/home/jajayu/ros2robotics2024_ws/install/scout_msgs:${CMAKE_PREFIX_PATH} LD_LIBRARY_PATH=/home/jajayu/ros2robotics2024_ws/install/scout_msgs/lib:${LD_LIBRARY_PATH} PKG_CONFIG_PATH=/home/jajayu/ros2robotics2024_ws/install/ugv_sdk/lib/x86_64-linux-gnu/pkgconfig:/home/jajayu/ros2robotics2024_ws/install/ugv_sdk/lib/pkgconfig PYTHONPATH=/home/jajayu/ros2robotics2024_ws/install/scout_msgs/local/lib/python3.10/dist-packages:${PYTHONPATH} ROS_PACKAGE_PATH=/home/jajayu/ros2robotics2024_ws/install/ugv_sdk/share /home/jajayu/.local/bin/cmake /home/jajayu/ros2robotics2024_ws/src/scout_ros2/scout_base -DCMAKE_INSTALL_PREFIX=/home/jajayu/ros2robotics2024_ws/install/scout_base
[2.308s] Invoking command in '/home/jajayu/ros2robotics2024_ws/build/scout_base': AMENT_PREFIX_PATH=/home/jajayu/ros2robotics2024_ws/install/scout_msgs:${AMENT_PREFIX_PATH} CMAKE_PREFIX_PATH=/home/jajayu/TomatoHarvesting_NextBestView/nbv_code/ros2_ws2/install/my_robot_nbv:/home/jajayu/TomatoHarvesting_NextBestView/nbv_code/ros2_ws2/install/my_robot_cam:/home/jajayu/ros2_ws/install/webots_ros2_tests:/home/jajayu/ros2_ws/install/webots_ros2:/home/jajayu/ros2_ws/install/pcd_demo:/home/jajayu/ros2_ws/install/my_robot_controller:/home/jajayu/ros2_ws/install/my_robot_cam:/home/jajayu/ros2_ws/install/gazebo_tutorial:/opt/ros/humble:/home/jajayu/ros2robotics2024_ws/install/ugv_sdk:/home/jajayu/ros2robotics2024_ws/install/scout_msgs:${CMAKE_PREFIX_PATH} LD_LIBRARY_PATH=/home/jajayu/ros2robotics2024_ws/install/scout_msgs/lib:${LD_LIBRARY_PATH} PKG_CONFIG_PATH=/home/jajayu/ros2robotics2024_ws/install/ugv_sdk/lib/x86_64-linux-gnu/pkgconfig:/home/jajayu/ros2robotics2024_ws/install/ugv_sdk/lib/pkgconfig PYTHONPATH=/home/jajayu/ros2robotics2024_ws/install/scout_msgs/local/lib/python3.10/dist-packages:${PYTHONPATH} ROS_PACKAGE_PATH=/home/jajayu/ros2robotics2024_ws/install/ugv_sdk/share /home/jajayu/.local/bin/cmake --build /home/jajayu/ros2robotics2024_ws/build/scout_base -- -j8 -l8
[2.428s] [ 33%] [32mBuilding CXX object CMakeFiles/scout_base_node.dir/src/scout_base_ros.cpp.o[0m
[2.428s] [ 66%] [32mBuilding CXX object CMakeFiles/scout_base_node.dir/src/scout_base_node.cpp.o[0m
[2.668s] In file included from [01m[K/home/jajayu/ros2robotics2024_ws/src/scout_ros2/scout_base/src/scout_base_ros.cpp:12[m[K:
[2.668s] [01m[K/home/jajayu/ros2robotics2024_ws/src/scout_ros2/scout_base/include/scout_base/scout_messenger.hpp:21:10:[m[K [01;31m[Kfatal error: [m[Ktf2_geometry_msgs/tf2_geometry_msgs.h: No such file or directory
[2.668s]    21 | #include [01;31m[K<tf2_geometry_msgs/tf2_geometry_msgs.h>[m[K
[2.668s]       |          [01;31m[K^~~~~~~~~~~~~~~~~~~~~~~~~~~~~~~~~~~~~~~[m[K
[2.668s] compilation terminated.
[2.672s] gmake[2]: *** [CMakeFiles/scout_base_node.dir/build.make:76: CMakeFiles/scout_base_node.dir/src/scout_base_ros.cpp.o] Error 1
[2.672s] gmake[2]: *** Waiting for unfinished jobs....
[5.882s] gmake[1]: *** [CMakeFiles/Makefile2:137: CMakeFiles/scout_base_node.dir/all] Error 2
[5.882s] gmake: *** [Makefile:146: all] Error 2
[5.898s] Invoked command in '/home/jajayu/ros2robotics2024_ws/build/scout_base' returned '2': AMENT_PREFIX_PATH=/home/jajayu/ros2robotics2024_ws/install/scout_msgs:${AMENT_PREFIX_PATH} CMAKE_PREFIX_PATH=/home/jajayu/TomatoHarvesting_NextBestView/nbv_code/ros2_ws2/install/my_robot_nbv:/home/jajayu/TomatoHarvesting_NextBestView/nbv_code/ros2_ws2/install/my_robot_cam:/home/jajayu/ros2_ws/install/webots_ros2_tests:/home/jajayu/ros2_ws/install/webots_ros2:/home/jajayu/ros2_ws/install/pcd_demo:/home/jajayu/ros2_ws/install/my_robot_controller:/home/jajayu/ros2_ws/install/my_robot_cam:/home/jajayu/ros2_ws/install/gazebo_tutorial:/opt/ros/humble:/home/jajayu/ros2robotics2024_ws/install/ugv_sdk:/home/jajayu/ros2robotics2024_ws/install/scout_msgs:${CMAKE_PREFIX_PATH} LD_LIBRARY_PATH=/home/jajayu/ros2robotics2024_ws/install/scout_msgs/lib:${LD_LIBRARY_PATH} PKG_CONFIG_PATH=/home/jajayu/ros2robotics2024_ws/install/ugv_sdk/lib/x86_64-linux-gnu/pkgconfig:/home/jajayu/ros2robotics2024_ws/install/ugv_sdk/lib/pkgconfig PYTHONPATH=/home/jajayu/ros2robotics2024_ws/install/scout_msgs/local/lib/python3.10/dist-packages:${PYTHONPATH} ROS_PACKAGE_PATH=/home/jajayu/ros2robotics2024_ws/install/ugv_sdk/share /home/jajayu/.local/bin/cmake --build /home/jajayu/ros2robotics2024_ws/build/scout_base -- -j8 -l8
