[0.018s] Invoking command in '/home/jajayu/ros2robotics2024_ws/build/ugv_sdk': /home/jajayu/.local/bin/cmake --build /home/jajayu/ros2robotics2024_ws/build/ugv_sdk -- -j8 -l8
[0.139s] -- Build package with cmake
[0.139s] -- Tests will not be built
[0.146s] -- Project will be installed to /home/jajayu/ros2robotics2024_ws/install/ugv_sdk with 'make install'
[0.147s] --  - To install LIB components to /home/jajayu/ros2robotics2024_ws/install/ugv_sdk/lib
[0.147s] --  - To install BIN components to /home/jajayu/ros2robotics2024_ws/install/ugv_sdk/bin
[0.147s] --  - To install INCLUDE components to /home/jajayu/ros2robotics2024_ws/install/ugv_sdk/include
[0.147s] --  - To install CMAKE components to /home/jajayu/ros2robotics2024_ws/install/ugv_sdk/share/cmake/ugv_sdk
[0.157s] -- Configuring done (0.0s)
[0.224s] -- Generating done (0.1s)
[0.224s] -- Build files have been written to: /home/jajayu/ros2robotics2024_ws/build/ugv_sdk
[0.239s] [  3%] [32mBuilding CXX object CMakeFiles/ugv_sdk.dir/src/utilities/protocol_detector.cpp.o[0m
[0.240s] [  7%] [32mBuilding CXX object CMakeFiles/ugv_sdk.dir/src/async_port/async_serial.cpp.o[0m
[0.241s] [ 10%] [32mBuilding CXX object CMakeFiles/ugv_sdk.dir/src/async_port/async_can.cpp.o[0m
[0.241s] [ 14%] [32mBuilding CXX object CMakeFiles/ugv_sdk.dir/src/mobile_robot/scout_robot.cpp.o[0m
[0.242s] [ 21%] [32mBuilding CXX object CMakeFiles/ugv_sdk.dir/src/mobile_robot/bunker_robot.cpp.o[0m
[0.242s] [ 21%] [32mBuilding CXX object CMakeFiles/ugv_sdk.dir/src/mobile_robot/hunter_robot.cpp.o[0m
[0.242s] [ 25%] [32mBuilding CXX object CMakeFiles/ugv_sdk.dir/src/mobile_robot/ranger_robot.cpp.o[0m
[0.244s] [ 28%] [32mBuilding CXX object CMakeFiles/ugv_sdk.dir/src/mobile_robot/titan_robot.cpp.o[0m
[0.283s] In file included from [01m[K/home/jajayu/ros2robotics2024_ws/src/ugv_sdk/include/ugv_sdk/utilities/protocol_detector.hpp:15[m[K,
[0.283s]                  from [01m[K/home/jajayu/ros2robotics2024_ws/src/ugv_sdk/src/utilities/protocol_detector.cpp:10[m[K:
[0.283s] [01m[K/home/jajayu/ros2robotics2024_ws/src/ugv_sdk/include/ugv_sdk/details/async_port/async_can.hpp:24:10:[m[K [01;31m[Kfatal error: [m[Kasio.hpp: No such file or directory
[0.283s]    24 | #include [01;31m[K"asio.hpp"[m[K
[0.283s]       |          [01;31m[K^~~~~~~~~~[m[K
[0.283s] compilation terminated.
[0.283s] In file included from [01m[K/home/jajayu/ros2robotics2024_ws/src/ugv_sdk/src/async_port/async_can.cpp:10[m[K:
[0.283s] [01m[K/home/jajayu/ros2robotics2024_ws/src/ugv_sdk/include/ugv_sdk/details/async_port/async_can.hpp:24:10:[m[K [01;31m[Kfatal error: [m[Kasio.hpp: No such file or directory
[0.283s]    24 | #include [01;31m[K"asio.hpp"[m[K
[0.284s]       |          [01;31m[K^~~~~~~~~~[m[K
[0.284s] compilation terminated.
[0.284s] gmake[2]: *** [CMakeFiles/ugv_sdk.dir/build.make:90: CMakeFiles/ugv_sdk.dir/src/async_port/async_can.cpp.o] Error 1
[0.284s] gmake[2]: *** Waiting for unfinished jobs....
[0.284s] gmake[2]: *** [CMakeFiles/ugv_sdk.dir/build.make:104: CMakeFiles/ugv_sdk.dir/src/utilities/protocol_detector.cpp.o] Error 1
[0.294s] In file included from [01m[K/home/jajayu/ros2robotics2024_ws/src/ugv_sdk/src/async_port/async_serial.cpp:10[m[K:
[0.294s] [01m[K/home/jajayu/ros2robotics2024_ws/src/ugv_sdk/include/ugv_sdk/details/async_port/async_serial.hpp:20:10:[m[K [01;31m[Kfatal error: [m[Kasio.hpp: No such file or directory
[0.294s]    20 | #include [01;31m[K"asio.hpp"[m[K
[0.294s]       |          [01;31m[K^~~~~~~~~~[m[K
[0.294s] compilation terminated.
[0.295s] gmake[2]: *** [CMakeFiles/ugv_sdk.dir/build.make:76: CMakeFiles/ugv_sdk.dir/src/async_port/async_serial.cpp.o] Error 1
[0.297s] In file included from [01m[K/home/jajayu/ros2robotics2024_ws/src/ugv_sdk/include/ugv_sdk/details/robot_base/agilex_base.hpp:21[m[K,
[0.298s]                  from [01m[K/home/jajayu/ros2robotics2024_ws/src/ugv_sdk/include/ugv_sdk/details/robot_base/bunker_base.hpp:19[m[K,
[0.298s]                  from [01m[K/home/jajayu/ros2robotics2024_ws/src/ugv_sdk/src/mobile_robot/bunker_robot.cpp:11[m[K:
[0.298s] [01m[K/home/jajayu/ros2robotics2024_ws/src/ugv_sdk/include/ugv_sdk/details/async_port/async_can.hpp:24:10:[m[K [01;31m[Kfatal error: [m[Kasio.hpp: No such file or directory
[0.298s]    24 | #include [01;31m[K"asio.hpp"[m[K
[0.298s]       |          [01;31m[K^~~~~~~~~~[m[K
[0.298s] compilation terminated.
[0.298s] In file included from [01m[K/home/jajayu/ros2robotics2024_ws/src/ugv_sdk/include/ugv_sdk/details/robot_base/agilex_base.hpp:21[m[K,
[0.298s]                  from [01m[K/home/jajayu/ros2robotics2024_ws/src/ugv_sdk/include/ugv_sdk/details/robot_base/scout_base.hpp:19[m[K,
[0.298s]                  from [01m[K/home/jajayu/ros2robotics2024_ws/src/ugv_sdk/src/mobile_robot/scout_robot.cpp:11[m[K:
[0.299s] [01m[K/home/jajayu/ros2robotics2024_ws/src/ugv_sdk/include/ugv_sdk/details/async_port/async_can.hpp:24:10:[m[K [01;31m[Kfatal error: [m[Kasio.hpp: No such file or directory
[0.299s]    24 | #include [01;31m[K"asio.hpp"[m[K
[0.299s]       |          [01;31m[K^~~~~~~~~~[m[K
[0.299s] compilation terminated.
[0.299s] gmake[2]: *** [CMakeFiles/ugv_sdk.dir/build.make:146: CMakeFiles/ugv_sdk.dir/src/mobile_robot/bunker_robot.cpp.o] Error 1
[0.299s] gmake[2]: *** [CMakeFiles/ugv_sdk.dir/build.make:118: CMakeFiles/ugv_sdk.dir/src/mobile_robot/scout_robot.cpp.o] Error 1
[0.301s] In file included from [01m[K/home/jajayu/ros2robotics2024_ws/src/ugv_sdk/include/ugv_sdk/details/robot_base/agilex_base.hpp:21[m[K,
[0.301s]                  from [01m[K/home/jajayu/ros2robotics2024_ws/src/ugv_sdk/include/ugv_sdk/details/robot_base/hunter_base.hpp:19[m[K,
[0.302s]                  from [01m[K/home/jajayu/ros2robotics2024_ws/src/ugv_sdk/src/mobile_robot/hunter_robot.cpp:11[m[K:
[0.302s] [01m[K/home/jajayu/ros2robotics2024_ws/src/ugv_sdk/include/ugv_sdk/details/async_port/async_can.hpp:24:10:[m[K [01;31m[Kfatal error: [m[Kasio.hpp: No such file or directory
[0.302s]    24 | #include [01;31m[K"asio.hpp"[m[K
[0.302s]       |          [01;31m[K^~~~~~~~~~[m[K
[0.302s] compilation terminated.
[0.303s] gmake[2]: *** [CMakeFiles/ugv_sdk.dir/build.make:132: CMakeFiles/ugv_sdk.dir/src/mobile_robot/hunter_robot.cpp.o] Error 1
[0.314s] In file included from [01m[K/home/jajayu/ros2robotics2024_ws/src/ugv_sdk/include/ugv_sdk/details/robot_base/agilex_base.hpp:21[m[K,
[0.315s]                  from [01m[K/home/jajayu/ros2robotics2024_ws/src/ugv_sdk/include/ugv_sdk/details/robot_base/ranger_base.hpp:19[m[K,
[0.315s]                  from [01m[K/home/jajayu/ros2robotics2024_ws/src/ugv_sdk/include/ugv_sdk/mobile_robot/ranger_robot.hpp:15[m[K,
[0.315s]                  from [01m[K/home/jajayu/ros2robotics2024_ws/src/ugv_sdk/src/mobile_robot/ranger_robot.cpp:9[m[K:
[0.315s] [01m[K/home/jajayu/ros2robotics2024_ws/src/ugv_sdk/include/ugv_sdk/details/async_port/async_can.hpp:24:10:[m[K [01;31m[Kfatal error: [m[Kasio.hpp: No such file or directory
[0.315s]    24 | #include [01;31m[K"asio.hpp"[m[K
[0.315s]       |          [01;31m[K^~~~~~~~~~[m[K
[0.315s] compilation terminated.
[0.316s] gmake[2]: *** [CMakeFiles/ugv_sdk.dir/build.make:160: CMakeFiles/ugv_sdk.dir/src/mobile_robot/ranger_robot.cpp.o] Error 1
[0.321s] In file included from [01m[K/home/jajayu/ros2robotics2024_ws/src/ugv_sdk/include/ugv_sdk/details/robot_base/agilex_base.hpp:21[m[K,
[0.321s]                  from [01m[K/home/jajayu/ros2robotics2024_ws/src/ugv_sdk/include/ugv_sdk/details/robot_base/titan_base.hpp:18[m[K,
[0.321s]                  from [01m[K/home/jajayu/ros2robotics2024_ws/src/ugv_sdk/include/ugv_sdk/mobile_robot/titan_robot.hpp:15[m[K,
[0.321s]                  from [01m[K/home/jajayu/ros2robotics2024_ws/src/ugv_sdk/src/mobile_robot/titan_robot.cpp:9[m[K:
[0.321s] [01m[K/home/jajayu/ros2robotics2024_ws/src/ugv_sdk/include/ugv_sdk/details/async_port/async_can.hpp:24:10:[m[K [01;31m[Kfatal error: [m[Kasio.hpp: No such file or directory
[0.321s]    24 | #include [01;31m[K"asio.hpp"[m[K
[0.322s]       |          [01;31m[K^~~~~~~~~~[m[K
[0.322s] compilation terminated.
[0.323s] gmake[2]: *** [CMakeFiles/ugv_sdk.dir/build.make:174: CMakeFiles/ugv_sdk.dir/src/mobile_robot/titan_robot.cpp.o] Error 1
[0.323s] gmake[1]: *** [CMakeFiles/Makefile2:209: CMakeFiles/ugv_sdk.dir/all] Error 2
[0.323s] gmake: *** [Makefile:156: all] Error 2
[0.338s] Invoked command in '/home/jajayu/ros2robotics2024_ws/build/ugv_sdk' returned '2': /home/jajayu/.local/bin/cmake --build /home/jajayu/ros2robotics2024_ws/build/ugv_sdk -- -j8 -l8
