[0.020s] Invoking command in '/home/jajayu/ros2robotics2024_ws/build/scout_base': CMAKE_PREFIX_PATH=/home/jajayu/TomatoHarvesting_NextBestView/nbv_code/ros2_ws2/install/my_robot_nbv:/home/jajayu/TomatoHarvesting_NextBestView/nbv_code/ros2_ws2/install/my_robot_cam:/home/jajayu/ros2_ws/install/webots_ros2_tests:/home/jajayu/ros2_ws/install/webots_ros2:/home/jajayu/ros2_ws/install/pcd_demo:/home/jajayu/ros2_ws/install/my_robot_controller:/home/jajayu/ros2_ws/install/my_robot_cam:/home/jajayu/ros2_ws/install/gazebo_tutorial:/opt/ros/humble:${CMAKE_PREFIX_PATH} /home/jajayu/.local/bin/cmake --build /home/jajayu/ros2robotics2024_ws/build/scout_base -- -j8 -l8
[0.131s] -- Found ament_cmake: 1.3.9 (/opt/ros/humble/share/ament_cmake/cmake)
[0.424s] -- Found rclcpp: 16.0.9 (/opt/ros/humble/share/rclcpp/cmake)
[0.468s] -- Found rosidl_generator_c: 3.1.5 (/opt/ros/humble/share/rosidl_generator_c/cmake)
[0.472s] -- Found rosidl_adapter: 3.1.5 (/opt/ros/humble/share/rosidl_adapter/cmake)
[0.482s] -- Found rosidl_generator_cpp: 3.1.5 (/opt/ros/humble/share/rosidl_generator_cpp/cmake)
[0.499s] -- Using all available rosidl_typesupport_c: rosidl_typesupport_fastrtps_c;rosidl_typesupport_introspection_c
[0.524s] -- Using all available rosidl_typesupport_cpp: rosidl_typesupport_fastrtps_cpp;rosidl_typesupport_introspection_cpp
[0.607s] -- Found rmw_implementation_cmake: 6.1.2 (/opt/ros/humble/share/rmw_implementation_cmake/cmake)
[0.607s] -- Found rmw_fastrtps_cpp: 6.2.6 (/opt/ros/humble/share/rmw_fastrtps_cpp/cmake)
[0.766s] -- Using RMW implementation 'rmw_fastrtps_cpp' as default
[0.965s] -- Found geometry_msgs: 4.2.4 (/opt/ros/humble/share/geometry_msgs/cmake)
[1.024s] -- Found nav_msgs: 4.2.4 (/opt/ros/humble/share/nav_msgs/cmake)
[1.136s] -- Found sensor_msgs: 4.2.4 (/opt/ros/humble/share/sensor_msgs/cmake)
[1.239s] -- Found tf2: 0.25.7 (/opt/ros/humble/share/tf2/cmake)
[1.254s] -- Found tf2_ros: 0.25.8 (/opt/ros/humble/share/tf2_ros/cmake)
[1.648s] -- Found scout_msgs: 0.1.0 (/home/jajayu/ros2robotics2024_ws/install/scout_msgs/share/scout_msgs/cmake)
[1.728s] -- Found ament_lint_auto: 0.12.11 (/opt/ros/humble/share/ament_lint_auto/cmake)
[1.824s] -- Added test 'copyright' to check source files copyright and LICENSE
[1.825s] -- Added test 'cppcheck' to perform static code analysis on C / C++ code
[1.827s] -- Configured cppcheck include dirs: /home/jajayu/ros2robotics2024_ws/src/scout_ros2/scout_base/include
[1.827s] -- Configured cppcheck exclude dirs and/or files: 
[1.828s] -- Added test 'cpplint' to check C / C++ code against the Google style
[1.828s] -- Configured cpplint exclude dirs and/or files: 
[1.829s] -- Added test 'flake8' to check Python code syntax and style conventions
[1.830s] -- Added test 'lint_cmake' to check CMake code style
[1.833s] -- Added test 'pep257' to check Python code against some of the docstring style conventions in PEP 257
[1.837s] -- Added test 'uncrustify' to check C / C++ code style
[1.837s] -- Configured uncrustify additional arguments: 
[1.840s] -- Added test 'xmllint' to check XML markup files
[1.841s] -- Configuring done (1.7s)
[1.877s] -- Generating done (0.0s)
[1.877s] -- Build files have been written to: /home/jajayu/ros2robotics2024_ws/build/scout_base
[1.901s] [ 33%] [32mBuilding CXX object CMakeFiles/scout_base_node.dir/src/scout_base_ros.cpp.o[0m
[1.902s] [ 66%] [32mBuilding CXX object CMakeFiles/scout_base_node.dir/src/scout_base_node.cpp.o[0m
[2.134s] In file included from [01m[K/home/jajayu/ros2robotics2024_ws/src/scout_ros2/scout_base/src/scout_base_ros.cpp:12[m[K:
[2.135s] [01m[K/home/jajayu/ros2robotics2024_ws/src/scout_ros2/scout_base/include/scout_base/scout_messenger.hpp:21:10:[m[K [01;31m[Kfatal error: [m[Ktf2_geometry_msgs/tf2_geometry_msgs.h: No such file or directory
[2.135s]    21 | #include [01;31m[K<tf2_geometry_msgs/tf2_geometry_msgs.h>[m[K
[2.135s]       |          [01;31m[K^~~~~~~~~~~~~~~~~~~~~~~~~~~~~~~~~~~~~~~[m[K
[2.135s] compilation terminated.
[2.138s] gmake[2]: *** [CMakeFiles/scout_base_node.dir/build.make:76: CMakeFiles/scout_base_node.dir/src/scout_base_ros.cpp.o] Error 1
[2.138s] gmake[2]: *** Waiting for unfinished jobs....
[5.272s] gmake[1]: *** [CMakeFiles/Makefile2:137: CMakeFiles/scout_base_node.dir/all] Error 2
[5.273s] gmake: *** [Makefile:146: all] Error 2
[5.288s] Invoked command in '/home/jajayu/ros2robotics2024_ws/build/scout_base' returned '2': CMAKE_PREFIX_PATH=/home/jajayu/TomatoHarvesting_NextBestView/nbv_code/ros2_ws2/install/my_robot_nbv:/home/jajayu/TomatoHarvesting_NextBestView/nbv_code/ros2_ws2/install/my_robot_cam:/home/jajayu/ros2_ws/install/webots_ros2_tests:/home/jajayu/ros2_ws/install/webots_ros2:/home/jajayu/ros2_ws/install/pcd_demo:/home/jajayu/ros2_ws/install/my_robot_controller:/home/jajayu/ros2_ws/install/my_robot_cam:/home/jajayu/ros2_ws/install/gazebo_tutorial:/opt/ros/humble:${CMAKE_PREFIX_PATH} /home/jajayu/.local/bin/cmake --build /home/jajayu/ros2robotics2024_ws/build/scout_base -- -j8 -l8
