-- Found tf2_geometry_msgs: 0.25.7 (/opt/ros/humble/share/tf2_geometry_msgs/cmake)
-- Found rosidl_generator_c: 3.1.5 (/opt/ros/humble/share/rosidl_generator_c/cmake)
-- Found rosidl_adapter: 3.1.5 (/opt/ros/humble/share/rosidl_adapter/cmake)
-- Found rosidl_generator_cpp: 3.1.5 (/opt/ros/humble/share/rosidl_generator_cpp/cmake)
-- Using all available rosidl_typesupport_c: rosidl_typesupport_fastrtps_c;rosidl_typesupport_introspection_c
-- Using all available rosidl_typesupport_cpp: rosidl_typesupport_fastrtps_cpp;rosidl_typesupport_introspection_cpp
-- Found eigen3_cmake_module: 0.1.1 (/opt/ros/humble/share/eigen3_cmake_module/cmake)
-- Ensuring Eigen3 include directory is part of orocos-kdl CMake target
-- Found rmw_implementation_cmake: 6.1.2 (/opt/ros/humble/share/rmw_implementation_cmake/cmake)
-- Found rmw_fastrtps_cpp: 6.2.6 (/opt/ros/humble/share/rmw_fastrtps_cpp/cmake)
-- Using RMW implementation 'rmw_fastrtps_cpp' as default
-- Build package with cmake
-- Tests will not be built
-- Project will be installed to /home/jajayu/ros2robotics2024_ws/install/ugv_sdk with 'make install'
--  - To install LIB components to /home/jajayu/ros2robotics2024_ws/install/ugv_sdk/lib
--  - To install BIN components to /home/jajayu/ros2robotics2024_ws/install/ugv_sdk/bin
--  - To install INCLUDE components to /home/jajayu/ros2robotics2024_ws/install/ugv_sdk/include
--  - To install CMAKE components to /home/jajayu/ros2robotics2024_ws/install/ugv_sdk/share/cmake/ugv_sdk
-- Configuring done (1.4s)
-- Generating done (0.1s)
-- Build files have been written to: /home/jajayu/ros2robotics2024_ws/build/ugv_sdk
[ 42%] Built target ugv_sdk
[ 46%] [32m[1mLinking CXX executable ../../bin/demo_tracer_robot[0m
[ 50%] [32m[1mLinking CXX executable ../../bin/demo_bunker_robot[0m
[ 53%] [32m[1mLinking CXX executable ../../bin/demo_scout_robot[0m
[ 57%] [32m[1mLinking CXX executable ../../bin/demo_ranger_robot[0m
[ 60%] [32m[1mLinking CXX executable ../../bin/demo_scout_mini_omni_robot[0m
[ 64%] [32m[1mLinking CXX executable ../../bin/demo_protocol_detector[0m
[ 67%] [32m[1mLinking CXX executable ../../bin/demo_hunter_robot[0m
/usr/bin/ld: cannot find -ltf2_geometry_msgs: No such file or directory
/usr/bin/ld: cannot find -ltf2_geometry_msgs: No such file or directory
/usr/bin/ld: cannot find -ltf2_geometry_msgs: No such file or directory
/usr/bin/ld: cannot find -ltf2_geometry_msgs: No such file or directory
[ 71%] [32m[1mLinking CXX executable ../../bin/demo_robot_version[0m
/usr/bin/ld: cannot find -ltf2_geometry_msgs: No such file or directory
collect2: error: ld returned 1 exit status
/usr/bin/ld: cannot find -ltf2_geometry_msgs: No such file or directory
collect2: error: ld returned 1 exit status
gmake[2]: *** [sample/ranger_demo/CMakeFiles/demo_ranger_robot.dir/build.make:98: bin/demo_ranger_robot] Error 1
gmake[2]: *** [sample/tracer_demo/CMakeFiles/demo_tracer_robot.dir/build.make:98: bin/demo_tracer_robot] Error 1
/usr/bin/ld: cannot find -ltf2_geometry_msgs: No such file or directory
gmake[1]: *** [CMakeFiles/Makefile2:367: sample/ranger_demo/CMakeFiles/demo_ranger_robot.dir/all] Error 2
gmake[1]: *** Waiting for unfinished jobs....
gmake[1]: *** [CMakeFiles/Makefile2:341: sample/tracer_demo/CMakeFiles/demo_tracer_robot.dir/all] Error 2
/usr/bin/ld: cannot find -ltf2_geometry_msgs: No such file or directory
collect2: error: ld returned 1 exit status
gmake[2]: *** [sample/utils_demo/CMakeFiles/demo_protocol_detector.dir/build.make:98: bin/demo_protocol_detector] Error 1
gmake[1]: *** [CMakeFiles/Makefile2:445: sample/utils_demo/CMakeFiles/demo_protocol_detector.dir/all] Error 2
collect2: error: ld returned 1 exit status
gmake[2]: *** [sample/scout_demo/CMakeFiles/demo_scout_robot.dir/build.make:98: bin/demo_scout_robot] Error 1
gmake[1]: *** [CMakeFiles/Makefile2:289: sample/scout_demo/CMakeFiles/demo_scout_robot.dir/all] Error 2
collect2: error: ld returned 1 exit status
gmake[2]: *** [sample/bunker_demo/CMakeFiles/demo_bunker_robot.dir/build.make:98: bin/demo_bunker_robot] Error 1
gmake[1]: *** [CMakeFiles/Makefile2:393: sample/bunker_demo/CMakeFiles/demo_bunker_robot.dir/all] Error 2
collect2: error: ld returned 1 exit status
gmake[2]: *** [sample/utils_demo/CMakeFiles/demo_robot_version.dir/build.make:98: bin/demo_robot_version] Error 1
collect2: error: ld returned 1 exit status
gmake[1]: *** [CMakeFiles/Makefile2:471: sample/utils_demo/CMakeFiles/demo_robot_version.dir/all] Error 2
gmake[2]: *** [sample/scout_demo/CMakeFiles/demo_scout_mini_omni_robot.dir/build.make:98: bin/demo_scout_mini_omni_robot] Error 1
gmake[1]: *** [CMakeFiles/Makefile2:315: sample/scout_demo/CMakeFiles/demo_scout_mini_omni_robot.dir/all] Error 2
collect2: error: ld returned 1 exit status
gmake[2]: *** [sample/hunter_demo/CMakeFiles/demo_hunter_robot.dir/build.make:98: bin/demo_hunter_robot] Error 1
gmake[1]: *** [CMakeFiles/Makefile2:419: sample/hunter_demo/CMakeFiles/demo_hunter_robot.dir/all] Error 2
gmake: *** [Makefile:166: all] Error 2
