In file included from [01m[K/home/jajayu/ros2robotics2024_ws/src/scout_ros2/scout_base/include/scout_base/scout_messenger.hpp:21[m[K,
                 from [01m[K/home/jajayu/ros2robotics2024_ws/src/scout_ros2/scout_base/src/scout_base_ros.cpp:12[m[K:
[01m[K/opt/ros/humble/include/tf2_geometry_msgs/tf2_geometry_msgs/tf2_geometry_msgs.h:35:2:[m[K [01;35m[Kwarning: [m[K#warning This header is obsolete, please include tf2_geometry_msgs/tf2_geometry_msgs.hpp instead [[01;35m[K]8;;https://gcc.gnu.org/onlinedocs/gcc/Warning-Options.html#index-Wcpp-Wcpp]8;;[m[K]
   35 | #[01;35m[Kwarning[m[K This header is obsolete, please include tf2_geometry_msgs/tf2_geometry_msgs.hpp instead
      |  [01;35m[K^~~~~~~[m[K
In file included from [01m[K/home/jajayu/ros2robotics2024_ws/install/ugv_sdk/include/ugv_sdk/utilities/protocol_detector.hpp:15[m[K,
                 from [01m[K/home/jajayu/ros2robotics2024_ws/src/scout_ros2/scout_base/src/scout_base_ros.cpp:13[m[K:
[01m[K/home/jajayu/ros2robotics2024_ws/install/ugv_sdk/include/ugv_sdk/details/async_port/async_can.hpp:24:10:[m[K [01;31m[Kfatal error: [m[Kasio.hpp: No such file or directory
   24 | #include [01;31m[K"asio.hpp"[m[K
      |          [01;31m[K^~~~~~~~~~[m[K
compilation terminated.
gmake[2]: *** [CMakeFiles/scout_base_node.dir/build.make:76: CMakeFiles/scout_base_node.dir/src/scout_base_ros.cpp.o] Error 1
gmake[2]: *** Waiting for unfinished jobs....
gmake[1]: *** [CMakeFiles/Makefile2:137: CMakeFiles/scout_base_node.dir/all] Error 2
gmake: *** [Makefile:146: all] Error 2
