[0.019s] Invoking command in '/home/jajayu/ros2robotics2024_ws/build/ugv_sdk': /home/jajayu/.local/bin/cmake --build /home/jajayu/ros2robotics2024_ws/build/ugv_sdk -- -j8 -l8
[0.163s] [  3%] [32mBuilding CXX object CMakeFiles/ugv_sdk.dir/src/async_port/async_serial.cpp.o[0m
[0.165s] [  7%] [32mBuilding CXX object CMakeFiles/ugv_sdk.dir/src/async_port/async_can.cpp.o[0m
[0.165s] [ 10%] [32mBuilding CXX object CMakeFiles/ugv_sdk.dir/src/protocol_v2/protocol_v2_parser.cpp.o[0m
[0.165s] [ 14%] [32mBuilding C object CMakeFiles/ugv_sdk.dir/src/protocol_v1/agilex_msg_parser_v1.c.o[0m
[0.165s] [ 17%] [32mBuilding C object CMakeFiles/ugv_sdk.dir/src/protocol_v2/agilex_msg_parser_v2.c.o[0m
[1.482s] [01m[K/home/jajayu/ros2robotics2024_ws/src/ugv_sdk/src/async_port/async_can.cpp:[m[K In member function â€˜[01m[Kvoid westonrobot::AsyncCAN::Close()[m[Kâ€™:
[1.482s] [01m[K/home/jajayu/ros2robotics2024_ws/src/ugv_sdk/src/async_port/async_can.cpp:87:15:[m[K [01;31m[Kerror: [m[Kâ€˜[01m[Kclass asio::io_context[m[Kâ€™ has no member named â€˜[01m[Kreset[m[Kâ€™; did you mean â€˜[01m[Krestart[m[Kâ€™?
[1.482s]    87 |   io_context_.[01;31m[Kreset[m[K();
[1.482s]       |               [01;31m[K^~~~~[m[K
[1.482s]       |               [32m[Krestart[m[K
[1.543s] [01m[K/home/jajayu/ros2robotics2024_ws/src/ugv_sdk/src/async_port/async_serial.cpp:[m[K In member function â€˜[01m[Kvoid westonrobot::AsyncSerial::Close()[m[Kâ€™:
[1.543s] [01m[K/home/jajayu/ros2robotics2024_ws/src/ugv_sdk/src/async_port/async_serial.cpp:81:15:[m[K [01;31m[Kerror: [m[Kâ€˜[01m[Kclass asio::io_context[m[Kâ€™ has no member named â€˜[01m[Kreset[m[Kâ€™; did you mean â€˜[01m[Krestart[m[Kâ€™?
[1.543s]    81 |   io_context_.[01;31m[Kreset[m[K();
[1.544s]       |               [01;31m[K^~~~~[m[K
[1.544s]       |               [32m[Krestart[m[K
[1.553s] [01m[K/home/jajayu/ros2robotics2024_ws/src/ugv_sdk/src/async_port/async_serial.cpp:[m[K In member function â€˜[01m[Kvoid westonrobot::AsyncSerial::SendBytes(const uint8_t*, size_t)[m[Kâ€™:
[1.553s] [01m[K/home/jajayu/ros2robotics2024_ws/src/ugv_sdk/src/async_port/async_serial.cpp:157:15:[m[K [01;31m[Kerror: [m[Kâ€˜[01m[Kclass asio::io_context[m[Kâ€™ has no member named â€˜[01m[Kpost[m[Kâ€™
[1.553s]   157 |   io_context_.[01;31m[Kpost[m[K(
[1.553s]       |               [01;31m[K^~~~[m[K
[1.922s] gmake[2]: *** [CMakeFiles/ugv_sdk.dir/build.make:90: CMakeFiles/ugv_sdk.dir/src/async_port/async_can.cpp.o] Error 1
[1.922s] gmake[2]: *** Waiting for unfinished jobs....
[2.007s] gmake[2]: *** [CMakeFiles/ugv_sdk.dir/build.make:76: CMakeFiles/ugv_sdk.dir/src/async_port/async_serial.cpp.o] Error 1
[2.007s] gmake[1]: *** [CMakeFiles/Makefile2:209: CMakeFiles/ugv_sdk.dir/all] Error 2
[2.007s] gmake: *** [Makefile:156: all] Error 2
[2.024s] Invoked command in '/home/jajayu/ros2robotics2024_ws/build/ugv_sdk' returned '2': /home/jajayu/.local/bin/cmake --build /home/jajayu/ros2robotics2024_ws/build/ugv_sdk -- -j8 -l8
